<?xml version="1.0" encoding="UTF-8"?>
<testng-results skipped="0" failed="0" ignored="0" total="1" passed="1">
  <reporter-output>
  </reporter-output>
  <suite name="Default suite" duration-ms="21979" started-at="2020-04-02T11:42:06 EEST" finished-at="2020-04-02T11:42:28 EEST">
    <groups>
    </groups>
    <test name="Default test" duration-ms="21979" started-at="2020-04-02T11:42:06 EEST" finished-at="2020-04-02T11:42:28 EEST">
      <class name="Testcases.LoginTest">
        <test-method status="PASS" signature="Login()[pri:0, instance:Testcases.LoginTest@3327bd23]" name="Login" duration-ms="21920" started-at="2020-04-02T11:42:06 EEST" finished-at="2020-04-02T11:42:28 EEST">
          <reporter-output>
          </reporter-output>
        </test-method> <!-- Login -->
      </class> <!-- Testcases.LoginTest -->
    </test> <!-- Default test -->
  </suite> <!-- Default suite -->
</testng-results>
